 
New Session Exe Start D:\kleiner2005\TestApp\maxbox2\maxbox2\source_2007\maxbox29\crypt\firstdemo1.txt
>>>> Start Exe: maxbox3.exe v3.9.9.50                       2013-10-15 14:18:33 
>>>> Start [RAM  monitor] : Total=1071099904, Avail=624472064, Load=41% ; [Disk monitor] : Available to user=6195744768, Total on disk=26213933056, Free total on disk=6195744768 ; 2013-10-15 14:18:33 
>>>> Start Script: D:\kleiner2005\TestApp\maxbox2\maxbox2\source_2007\maxbox29\crypt\firstdemo1.txt  2013-10-15 14:18:35 
           From Exe Host: maxbox3.exe of D:\kleiner2005\TestApp\maxbox2\maxbox2\source_2007\maxbox29\maxbox36beta\maxbox3\crypt\
>>>> Stop Script: D:\kleiner2005\TestApp\maxbox2\maxbox2\source_2007\maxbox29\crypt\firstdemo1.txt  2013-10-15 14:18:48 
[RAM  monitor] : (1071099904, 613339136, 42%) Compiled+Run Success!
 
 
New Session Exe Start firstdemo3.txt
>>>> Start Exe: maxbox3.exe v3.9.9.50                       2013-10-15 17:08:13 
>>>> Start [RAM  monitor] : Total=1071099904, Avail=636833792, Load=40% ; [Disk monitor] : Available to user=2298306560, Total on disk=31634391040, Free total on disk=2298306560 ; 2013-10-15 17:08:13 
 
New Session Exe Start firstdemo3.txt
>>>> Start Exe: maxbox3.exe v3.9.9.50                       2013-10-15 17:10:10 
>>>> Start [RAM  monitor] : Total=1071099904, Avail=636719104, Load=40% ; [Disk monitor] : Available to user=2298306560, Total on disk=31634391040, Free total on disk=2298306560 ; 2013-10-15 17:10:10 
 
New Session Exe Start firstdemo3.txt
>>>> Start Exe: maxbox3.exe v3.9.9.60                       2013-10-16 11:35:31 
>>>> Start [RAM  monitor] : Total=1071099904, Avail=412065792, Load=61% ; [Disk monitor] : Available to user=2297548800, Total on disk=31634391040, Free total on disk=2297548800 ; 2013-10-16 11:35:31 
 
New Session Exe Start firstdemo3.txt
>>>> Start Exe: maxbox3.exe v3.9.9.60                       2013-10-16 22:43:59 
>>>> Start [RAM  monitor] : Total=1071099904, Avail=464949248, Load=56% ; [Disk monitor] : Available to user=2291343360, Total on disk=31634391040, Free total on disk=2291343360 ; 2013-10-16 22:43:59 
 
New Session Exe Start firstdemo3.txt
>>>> Start Exe: maxbox3.exe v3.9.9.60                       2013-10-20 11:39:33 
>>>> Start [RAM  monitor] : Total=1071099904, Avail=587571200, Load=45% ; [Disk monitor] : Available to user=2292318208, Total on disk=31634391040, Free total on disk=2292318208 ; 2013-10-20 11:39:33 
 
New Session Exe Start firstdemo3.txt
>>>> Start Exe: maxbox3.exe v3.9.9.60                       2013-10-23 09:55:02 
>>>> Start [RAM  monitor] : Total=1071099904, Avail=492142592, Load=54% ; [Disk monitor] : Available to user=2439606272, Total on disk=31634391040, Free total on disk=2439606272 ; 2013-10-23 09:55:02 
 
New Session Exe Start firstdemo3.txt
>>>> Start Exe: maxbox3.exe v3.9.9.80                       2013-11-09 12:26:54 
>>>> Start [RAM  monitor] : Total=1071099904, Avail=599089152, Load=44% ; [Disk monitor] : Available to user=2426826752, Total on disk=31634391040, Free total on disk=2426826752 ; 2013-11-09 12:26:54 
 
New Session Exe Start firstdemo3.txt
>>>> Start Exe: maxbox3.exe v3.9.9.80                       2013-11-09 22:48:55 
>>>> Start [RAM  monitor] : Total=1071099904, Avail=372822016, Load=65% ; [Disk monitor] : Available to user=2424369152, Total on disk=31634391040, Free total on disk=2424369152 ; 2013-11-09 22:48:55 
 
New Session Exe Start firstdemo3.txt
>>>> Start Exe: maxbox3.exe v3.9.9.80                       2013-11-10 10:35:37 
>>>> Start [RAM  monitor] : Total=1071099904, Avail=322674688, Load=69% ; [Disk monitor] : Available to user=2424320000, Total on disk=31634391040, Free total on disk=2424320000 ; 2013-11-10 10:35:37 
 
New Session Exe Start firstdemo3.txt
>>>> Start Exe: maxbox3.exe v3.9.9.81                       2013-11-28 15:44:41 
>>>> Start [RAM  monitor] : Total=1071099904, Avail=346763264, Load=67% ; [Disk monitor] : Available to user=2231783424, Total on disk=31634391040, Free total on disk=2231783424 ; 2013-11-28 15:44:41 
 
New Session Exe Start firstdemo3.txt
>>>> Start Exe: maxbox3.exe v3.9.9.81                       2013-11-28 15:46:51 
>>>> Start [RAM  monitor] : Total=1071099904, Avail=396472320, Load=62% ; [Disk monitor] : Available to user=2231779328, Total on disk=31634391040, Free total on disk=2231779328 ; 2013-11-28 15:46:51 
 
New Session Exe Start firstdemo3.txt
>>>> Start Exe: maxbox3.exe v3.9.9.81                       2013-12-11 21:16:50 
>>>> Start [RAM  monitor] : Total=1071099904, Avail=343613440, Load=67% ; [Disk monitor] : Available to user=2033790976, Total on disk=31634391040, Free total on disk=2033790976 ; 2013-12-11 21:16:50 
 
New Session Exe Start E:\maxbox\maxbox3\bds_delphi.dci
>>>> Start Exe: maxbox3.exe v3.9.9.82                       2013-12-14 17:27:32 
>>>> Start [RAM  monitor] : Total=1071099904, Avail=568078336, Load=46% ; [Disk monitor] : Available to user=2026139648, Total on disk=31634391040, Free total on disk=2026139648 ; 2013-12-14 17:27:32 
 
New Session Exe Start firstdemo3.txt
>>>> Start Exe: maxbox3.exe v3.9.9.82                       2013-12-14 17:30:58 
>>>> Start [RAM  monitor] : Total=1071099904, Avail=566734848, Load=47% ; [Disk monitor] : Available to user=2026139648, Total on disk=31634391040, Free total on disk=2026139648 ; 2013-12-14 17:30:58 
 
New Session Exe Start firstdemo3.txt
>>>> Start Exe: maxbox3.exe v3.9.9.82                       2013-12-14 17:35:16 
>>>> Start [RAM  monitor] : Total=1071099904, Avail=555339776, Load=48% ; [Disk monitor] : Available to user=2026057728, Total on disk=31634391040, Free total on disk=2026057728 ; 2013-12-14 17:35:16 
 
New Session Exe Start firstdemo3.txt
>>>> Start Exe: maxbox3.exe v3.9.9.82                       2013-12-15 12:27:35 
>>>> Start [RAM  monitor] : Total=1071099904, Avail=472616960, Load=55% ; [Disk monitor] : Available to user=2025852928, Total on disk=31634391040, Free total on disk=2025852928 ; 2013-12-15 12:27:35 
 
New Session Exe Start firstdemo3.txt
>>>> Start Exe: maxbox3.exe v3.9.9.82                       2013-12-16 18:17:03 
>>>> Start [RAM  monitor] : Total=1071099904, Avail=112594944, Load=89% ; [Disk monitor] : Available to user=2024407040, Total on disk=31634391040, Free total on disk=2024407040 ; 2013-12-16 18:17:03 
 
New Session Exe Start firstdemo3.txt
>>>> Start Exe: maxbox3.exe v3.9.9.82                       2013-12-22 11:51:12 
>>>> Start [RAM  monitor] : Total=1071099904, Avail=522424320, Load=51% ; [Disk monitor] : Available to user=1820659712, Total on disk=31634391040, Free total on disk=1820659712 ; 2013-12-22 11:51:12 
 
New Session Exe Start firstdemo3.txt
>>>> Start Exe: maxbox3.exe v3.9.9.84                       2014-01-03 11:48:04 
>>>> Start [RAM  monitor] : Total=1071099904, Avail=382541824, Load=64% ; [Disk monitor] : Available to user=5621465088, Total on disk=31634391040, Free total on disk=5621465088 ; 2014-01-03 11:48:04 
 
New Session Exe Start firstdemo3.txt
>>>> Start Exe: maxbox3.exe v3.9.9.84                       2014-01-03 20:00:14 
>>>> Start [RAM  monitor] : Total=1071099904, Avail=431165440, Load=59% ; [Disk monitor] : Available to user=5619081216, Total on disk=31634391040, Free total on disk=5619081216 ; 2014-01-03 20:00:14 
 
New Session Exe Start firstdemo3.txt
>>>> Start Exe: maxbox3.exe v3.9.9.84                       2014-01-03 20:03:48 
>>>> Start [RAM  monitor] : Total=1071099904, Avail=431161344, Load=59% ; [Disk monitor] : Available to user=5619081216, Total on disk=31634391040, Free total on disk=5619081216 ; 2014-01-03 20:03:48 
 
New Session Exe Start firstdemo3.txt
>>>> Start Exe: maxbox3.exe v3.9.9.84                       2014-01-05 10:27:31 
>>>> Start [RAM  monitor] : Total=1071099904, Avail=453378048, Load=57% ; [Disk monitor] : Available to user=5617950720, Total on disk=31634391040, Free total on disk=5617950720 ; 2014-01-05 10:27:31 
 
New Session Exe Start firstdemo3.txt
>>>> Start Exe: maxbox3.exe v3.9.9.84                       2014-01-05 10:27:55 
>>>> Start [RAM  monitor] : Total=1071099904, Avail=462430208, Load=56% ; [Disk monitor] : Available to user=5617950720, Total on disk=31634391040, Free total on disk=5617950720 ; 2014-01-05 10:27:55 
 
New Session Exe Start firstdemo3.txt
>>>> Start Exe: maxbox3.exe v3.9.9.85                       2014-01-14 18:53:54 
>>>> Start [RAM  monitor] : Total=1071099904, Avail=550416384, Load=48% ; [Disk monitor] : Available to user=5248339968, Total on disk=31634391040, Free total on disk=5248339968 ; 2014-01-14 18:53:54 
 
New Session Exe Start firstdemo3.txt
>>>> Start Exe: maxbox3.exe v3.9.9.85                       2014-01-15 21:40:13 
>>>> Start [RAM  monitor] : Total=1071099904, Avail=242364416, Load=77% ; [Disk monitor] : Available to user=5243248640, Total on disk=31634391040, Free total on disk=5243248640 ; 2014-01-15 21:40:13 
 
New Session Exe Start firstdemo3.txt
>>>> Start Exe: maxbox3.exe v3.9.9.85                       2014-01-15 21:49:27 
>>>> Start [RAM  monitor] : Total=1071099904, Avail=165330944, Load=84% ; [Disk monitor] : Available to user=5337255936, Total on disk=31634391040, Free total on disk=5337255936 ; 2014-01-15 21:49:27 
 
New Session Exe Start firstdemo3.txt
>>>> Start Exe: maxbox3.exe v3.9.9.85                       2014-01-21 08:40:31 
>>>> Start [RAM  monitor] : Total=1071099904, Avail=140062720, Load=86% ; [Disk monitor] : Available to user=5226393600, Total on disk=31634391040, Free total on disk=5226393600 ; 2014-01-21 08:40:31 
 
New Session Exe Start firstdemo3.txt
>>>> Start Exe: maxbox3.exe v3.9.9.86                       2014-01-25 21:38:08 
>>>> Start [RAM  monitor] : Total=1071099904, Avail=414412800, Load=61% ; [Disk monitor] : Available to user=5221855232, Total on disk=31634391040, Free total on disk=5221855232 ; 2014-01-25 21:38:08 
 
New Session Exe Start firstdemo3.txt
>>>> Start Exe: maxbox3.exe v3.9.9.86                       2014-01-26 11:04:46 
>>>> Start [RAM  monitor] : Total=1071099904, Avail=294137856, Load=72% ; [Disk monitor] : Available to user=5221568512, Total on disk=31634391040, Free total on disk=5221568512 ; 2014-01-26 11:04:46 
 
New Session Exe Start firstdemo3.txt
>>>> Start Exe: maxbox3.exe v3.9.9.86                       2014-02-03 10:15:44 
>>>> Start [RAM  monitor] : Total=2147483647, Avail=1778823168, Load=49% ; [Disk monitor] : Available to user=180142178304, Total on disk=214958075904, Free total on disk=180142178304 ; 2014-02-03 10:15:44 
 
New Session Exe Start firstdemo3.txt
>>>> Start Exe: maxbox3.exe v3.9.9.88                       2014-02-07 08:57:00 
>>>> Start [RAM  monitor] : Total=2147483647, Avail=1833127936, Load=47% ; [Disk monitor] : Available to user=178755751936, Total on disk=214958075904, Free total on disk=178755751936 ; 2014-02-07 08:57:01 
 
New Session Exe Start firstdemo3.txt
>>>> Start Exe: maxbox3.exe v3.9.9.88                       2014-02-07 11:15:08 
>>>> Start [RAM  monitor] : Total=2147483647, Avail=2108669952, Load=39% ; [Disk monitor] : Available to user=178812248064, Total on disk=214958075904, Free total on disk=178812248064 ; 2014-02-07 11:15:08 
 
New Session Exe Start firstdemo3.txt
>>>> Start Exe: maxbox3.exe v3.9.9.88                       2014-02-09 13:53:34 
>>>> Start [RAM  monitor] : Total=2147483647, Avail=2125250560, Load=39% ; [Disk monitor] : Available to user=178405797888, Total on disk=214958075904, Free total on disk=178405797888 ; 2014-02-09 13:53:34 
E:\maxbox3\mXGit39986\maXbox3-master\README.md failed
>>>> Fail maxbox3.exe                                       2014-02-11 10:26:44 
 
New Session Exe Start E:\maxbox3\mXGit39986\maXbox3-master\README.md
>>>> Start Exe: maxbox3.exe v3.9.9.88                       2014-02-11 10:26:44 
>>>> Start [RAM  monitor] : Total=2147483647, Avail=1828384768, Load=47% ; [Disk monitor] : Available to user=177123274752, Total on disk=214958075904, Free total on disk=177123274752 ; 2014-02-11 10:26:44 
 
>>>> Start Script: E:\maxbox3\mXGit39986\maXbox3-master\maxboxlog.log  2014-02-11 10:27:36 
           From Host: maxbox3.exe of E:\maxbox3\mXGit39988\maxbox3\
 
New Session Exe Start E:\maxbox3\mXGit39986\maXbox3-master\maxboxlog.log
>>>> Start Exe: maxbox3.exe v3.9.9.88                       2014-02-11 10:27:38 
>>>> Start [RAM  monitor] : Total=2147483647, Avail=1805475840, Load=48% ; [Disk monitor] : Available to user=177123270656, Total on disk=214958075904, Free total on disk=177123270656 ; 2014-02-11 10:27:38 
 
New Session Exe Start E:\maxbox3\mXGit39986\maXbox3-master\maxboxlog.log
>>>> Start Exe: maxbox3.exe v3.9.9.88                       2014-02-13 20:51:29 
>>>> Start [RAM  monitor] : Total=2147483647, Avail=2147483647, Load=37% ; [Disk monitor] : Available to user=176766619648, Total on disk=214958075904, Free total on disk=176766619648 ; 2014-02-13 20:51:29 
 
New Session Exe Start E:\maxbox3\mXGit39986\maXbox3-master\maxboxlog.log
>>>> Start Exe: maxbox3.exe v3.9.9.91                       2014-03-13 23:08:27 
>>>> Start [RAM  monitor] : Total=2147483647, Avail=1916100608, Load=45% ; [Disk monitor] : Available to user=158286831616, Total on disk=214958075904, Free total on disk=158286831616 ; 2014-03-13 23:08:27 
 
>>>> Start Script: E:\maxbox3\mXGit39988\maxbox3\examples\452_dbtreeview.txt  2014-03-13 23:09:17 
           From Host: maxbox3.exe of E:\maxbox3\mXGit39988\maxbox3\
>>>> Stop Script: 452_dbtreeview.txt                        2014-03-13 23:09:18 
[RAM  monitor] : (2147483647, 1945190400, 44%) Compiled+Run Success! runtime: 23:9:17.126
 
>>>> Start Script: E:\maxbox3\mXGit39988\maxbox3\examples\452_dbtreeview.txt  2014-03-13 23:10:10 
           From Host: maxbox3.exe of E:\maxbox3\mXGit39988\maxbox3\
>>>> Stop Script: 452_dbtreeview.txt                        2014-03-13 23:10:11 
[RAM  monitor] : (2147483647, 1946996736, 44%) Compiled+Run Success! runtime: 23:10:10.884
 
>>>> Start Script: E:\maxbox3\mXGit39988\maxbox3\examples\452_dbtreeview.txt  2014-03-13 23:11:41 
           From Host: maxbox3.exe of E:\maxbox3\mXGit39988\maxbox3\
E:\maxbox3\mXGit39988\maxbox3\examples\452_dbtreeview.txt failed
>>>> Fail maxbox3.exe                                       2014-03-13 23:11:42 
 
>>>> Start Script: E:\maxbox3\mXGit39988\maxbox3\examples\452_dbtreeview.txt  2014-03-13 23:11:59 
           From Host: maxbox3.exe of E:\maxbox3\mXGit39988\maxbox3\
>>>> Stop Script: 452_dbtreeview.txt                        2014-03-13 23:12:00 
[RAM  monitor] : (2147483647, 1990094848, 42%) Compiled+Run Success! runtime: 23:11:59.919
 
>>>> Start Script: E:\maxbox3\mXGit39988\maxbox3\examples\452_dbtreeview.txt  2014-03-13 23:13:14 
           From Host: maxbox3.exe of E:\maxbox3\mXGit39988\maxbox3\
>>>> Stop Script: 452_dbtreeview.txt                        2014-03-13 23:13:15 
[RAM  monitor] : (2147483647, 1993732096, 42%) Compiled+Run Success! runtime: 0:0:0.791
 
>>>> Start Script: E:\maxbox3\mXGit39988\maxbox3\examples\452_dbtreeview.txt  2014-03-13 23:13:34 
           From Host: maxbox3.exe of E:\maxbox3\mXGit39988\maxbox3\
>>>> Stop Script: 452_dbtreeview.txt                        2014-03-13 23:13:34 
[RAM  monitor] : (2147483647, 1994579968, 42%) Compiled+Run Success! runtime: 0:0:0.822
 
>>>> Start Script: E:\maxbox3\mXGit39988\maxbox3\examples\452_dbtreeview.txt  2014-03-13 23:16:35 
           From Host: maxbox3.exe of E:\maxbox3\mXGit39988\maxbox3\
>>>> Stop Script: 452_dbtreeview.txt                        2014-03-13 23:16:36 
[RAM  monitor] : (2147483647, 1992130560, 42%) Compiled+Run Success! runtime: 0:0:0.823
 
>>>> Start Script: E:\maxbox3\mXGit39988\maxbox3\examples\452_dbtreeview.txt  2014-03-13 23:17:01 
           From Host: maxbox3.exe of E:\maxbox3\mXGit39988\maxbox3\
>>>> Stop Script: 452_dbtreeview.txt                        2014-03-13 23:17:02 
[RAM  monitor] : (2147483647, 1987371008, 43%) Compiled+Run Success! runtime: 0:0:0.818
 
>>>> Start Script: E:\maxbox3\mXGit39988\maxbox3\examples\452_dbtreeview.txt  2014-03-13 23:18:18 
           From Host: maxbox3.exe of E:\maxbox3\mXGit39988\maxbox3\
>>>> Stop Script: 452_dbtreeview.txt                        2014-03-13 23:18:18 
[RAM  monitor] : (2147483647, 1987305472, 43%) Compiled+Run Success! runtime: 0:0:0.825
 
>>>> Start Script: E:\maxbox3\mXGit39988\maxbox3\examples\452_dbtreeview.txt  2014-03-13 23:18:27 
           From Host: maxbox3.exe of E:\maxbox3\mXGit39988\maxbox3\
>>>> Stop Script: 452_dbtreeview.txt                        2014-03-13 23:18:28 
[RAM  monitor] : (2147483647, 1985613824, 43%) Compiled+Run Success! runtime: 0:0:0.824
 
>>>> Start Script: E:\maxbox3\mXGit39988\maxbox3\examples\452_dbtreeview.txt  2014-03-13 23:19:00 
           From Host: maxbox3.exe of E:\maxbox3\mXGit39988\maxbox3\
>>>> Stop Script: 452_dbtreeview.txt                        2014-03-13 23:19:01 
[RAM  monitor] : (2147483647, 1985593344, 43%) Compiled+Run Success! runtime: 0:0:0.818
 
>>>> Start Script: E:\maxbox3\mXGit39988\maxbox3\examples\452_dbtreeview.txt  2014-03-13 23:19:44 
           From Host: maxbox3.exe of E:\maxbox3\mXGit39988\maxbox3\
>>>> Stop Script: 452_dbtreeview.txt                        2014-03-13 23:19:45 
[RAM  monitor] : (2147483647, 1982906368, 43%) Compiled+Run Success! runtime: 0:0:0.840
 
>>>> Start Script: E:\maxbox3\mXGit39988\maxbox3\examples\452_dbtreeview.txt  2014-03-13 23:20:00 
           From Host: maxbox3.exe of E:\maxbox3\mXGit39988\maxbox3\
>>>> Stop Script: 452_dbtreeview.txt                        2014-03-13 23:20:01 
[RAM  monitor] : (2147483647, 1983795200, 43%) Compiled+Run Success! runtime: 0:0:0.838
 
>>>> Start Script: E:\maxbox3\mXGit39988\maxbox3\examples\452_dbtreeview.txt  2014-03-13 23:20:33 
           From Host: maxbox3.exe of E:\maxbox3\mXGit39988\maxbox3\
>>>> Stop Script: 452_dbtreeview.txt                        2014-03-13 23:20:34 
[RAM  monitor] : (2147483647, 1983627264, 43%) Compiled+Run Success! runtime: 0:0:0.827
 
>>>> Start Script: E:\maxbox3\mXGit39988\maxbox3\examples\452_dbtreeview.txt  2014-03-13 23:22:33 
           From Host: maxbox3.exe of E:\maxbox3\mXGit39988\maxbox3\
>>>> Stop Script: 452_dbtreeview.txt                        2014-03-13 23:22:34 
[RAM  monitor] : (2147483647, 1988526080, 43%) Compiled+Run Success! runtime: 0:0:0.859
 
>>>> Start Script: E:\maxbox3\mXGit39988\maxbox3\examples\452_dbtreeview.txt  2014-03-13 23:22:41 
           From Host: maxbox3.exe of E:\maxbox3\mXGit39988\maxbox3\
>>>> Stop Script: 452_dbtreeview.txt                        2014-03-13 23:22:42 
[RAM  monitor] : (2147483647, 1983561728, 43%) Compiled+Run Success! runtime: 0:0:0.821
 
>>>> Start Script: E:\maxbox3\mXGit39988\maxbox3\examples\452_dbtreeview.txt  2014-03-13 23:22:54 
           From Host: maxbox3.exe of E:\maxbox3\mXGit39988\maxbox3\
>>>> Stop Script: 452_dbtreeview.txt                        2014-03-13 23:22:55 
[RAM  monitor] : (2147483647, 1983938560, 43%) Compiled+Run Success! runtime: 0:0:0.825
 
>>>> Start Script: E:\maxbox3\mXGit39988\maxbox3\examples\452_dbtreeview.txt  2014-03-13 23:24:21 
           From Host: maxbox3.exe of E:\maxbox3\mXGit39988\maxbox3\
>>>> Stop Script: 452_dbtreeview.txt                        2014-03-13 23:24:22 
[RAM  monitor] : (2147483647, 1991061504, 42%) Compiled+Run Success! runtime: 0:0:0.861
 
>>>> Start Script: E:\maxbox3\mXGit39988\maxbox3\examples\452_dbtreeview.txt  2014-03-13 23:24:36 
           From Host: maxbox3.exe of E:\maxbox3\mXGit39988\maxbox3\
>>>> Stop Script: 452_dbtreeview.txt                        2014-03-13 23:24:36 
[RAM  monitor] : (2147483647, 1987715072, 43%) Compiled+Run Success! runtime: 0:0:0.826
 
>>>> Start Script: E:\maxbox3\mXGit39988\maxbox3\examples\452_dbtreeview.txt  2014-03-13 23:25:09 
           From Host: maxbox3.exe of E:\maxbox3\mXGit39988\maxbox3\
>>>> Stop Script: 452_dbtreeview.txt                        2014-03-13 23:25:10 
[RAM  monitor] : (2147483647, 1982935040, 43%) Compiled+Run Success! runtime: 0:0:0.845
 
>>>> Start Script: E:\maxbox3\mXGit39988\maxbox3\examples\452_dbtreeview.txt  2014-03-14 08:33:53 
           From Host: maxbox3.exe of E:\maxbox3\mXGit39988\maxbox3\
>>>> Stop Script: 452_dbtreeview.txt                        2014-03-14 08:33:54 
[RAM  monitor] : (2147483647, 2147483647, 35%) Compiled+Run Success! runtime: 0:0:0.834
 
>>>> Start Script: E:\maxbox3\mXGit39988\maxbox3\examples\452_dbtreeview.txt  2014-03-14 08:34:21 
           From Host: maxbox3.exe of E:\maxbox3\mXGit39988\maxbox3\
>>>> Stop Script: 452_dbtreeview.txt                        2014-03-14 08:34:22 
[RAM  monitor] : (2147483647, 2147483647, 35%) Compiled+Run Success! runtime: 0:0:0.833
 
>>>> Start Script: E:\maxbox3\mXGit39988\maxbox3\examples\452_dbtreeview.txt  2014-03-14 08:34:45 
           From Host: maxbox3.exe of E:\maxbox3\mXGit39988\maxbox3\
>>>> Stop Script: 452_dbtreeview.txt                        2014-03-14 08:34:46 
[RAM  monitor] : (2147483647, 2147483647, 35%) Compiled+Run Success! runtime: 0:0:0.828
 
>>>> Start Script: E:\maxbox3\mXGit39988\maxbox3\examples\452_dbtreeview.txt  2014-03-14 08:35:15 
           From Host: maxbox3.exe of E:\maxbox3\mXGit39988\maxbox3\
>>>> Stop Script: 452_dbtreeview.txt                        2014-03-14 08:35:16 
[RAM  monitor] : (2147483647, 2147483647, 36%) Compiled+Run Success! runtime: 0:0:0.828
 
>>>> Start Script: E:\maxbox3\mXGit39988\maxbox3\examples\452_dbtreeview.txt  2014-03-14 08:35:38 
           From Host: maxbox3.exe of E:\maxbox3\mXGit39988\maxbox3\
>>>> Stop Script: 452_dbtreeview.txt                        2014-03-14 08:35:39 
[RAM  monitor] : (2147483647, 2147483647, 36%) Compiled+Run Success! runtime: 0:0:0.839
 
>>>> Start Script: E:\maxbox3\mXGit39988\maxbox3\examples\452_dbtreeview.txt  2014-03-14 08:35:48 
           From Host: maxbox3.exe of E:\maxbox3\mXGit39988\maxbox3\
>>>> Stop Script: 452_dbtreeview.txt                        2014-03-14 08:35:49 
[RAM  monitor] : (2147483647, 2147483647, 36%) Compiled+Run Success! runtime: 0:0:0.835
 
>>>> Start Script: E:\maxbox3\mXGit39988\maxbox3\examples\452_dbtreeview.txt  2014-03-14 08:35:58 
           From Host: maxbox3.exe of E:\maxbox3\mXGit39988\maxbox3\
>>>> Stop Script: 452_dbtreeview.txt                        2014-03-14 08:35:59 
[RAM  monitor] : (2147483647, 2147483647, 36%) Compiled+Run Success! runtime: 0:0:0.834
 
>>>> Start Script: E:\maxbox3\mXGit39988\maxbox3\examples\452_dbtreeview.txt  2014-03-14 08:36:15 
           From Host: maxbox3.exe of E:\maxbox3\mXGit39988\maxbox3\
>>>> Stop Script: 452_dbtreeview.txt                        2014-03-14 08:36:16 
[RAM  monitor] : (2147483647, 2147483647, 36%) Compiled+Run Success! runtime: 0:0:0.841
 
>>>> Start Script: E:\maxbox3\mXGit39988\maxbox3\examples\452_dbtreeview.txt  2014-03-14 08:37:31 
           From Host: maxbox3.exe of E:\maxbox3\mXGit39988\maxbox3\
>>>> Stop Script: 452_dbtreeview.txt                        2014-03-14 08:37:32 
[RAM  monitor] : (2147483647, 2147483647, 37%) Compiled+Run Success! runtime: 0:0:0.830
 
>>>> Start Script: E:\maxbox3\mXGit39988\maxbox3\examples\452_dbtreeview.txt  2014-03-14 08:38:52 
           From Host: maxbox3.exe of E:\maxbox3\mXGit39988\maxbox3\
>>>> Stop Script: 452_dbtreeview.txt                        2014-03-14 08:38:52 
[RAM  monitor] : (2147483647, 2147483647, 38%) Compiled+Run Success! runtime: 0:0:0.852
 
>>>> Start Script: E:\maxbox3\mXGit39988\maxbox3\examples\452_dbtreeview.txt  2014-03-14 08:39:00 
           From Host: maxbox3.exe of E:\maxbox3\mXGit39988\maxbox3\
>>>> Stop Script: 452_dbtreeview.txt                        2014-03-14 08:39:01 
[RAM  monitor] : (2147483647, 2147483647, 38%) Compiled+Run Success! runtime: 0:0:0.843
 
>>>> Start Script: E:\maxbox3\mXGit39988\maxbox3\examples\452_dbtreeview.txt  2014-03-14 08:39:26 
           From Host: maxbox3.exe of E:\maxbox3\mXGit39988\maxbox3\
>>>> Stop Script: 452_dbtreeview.txt                        2014-03-14 08:39:27 
[RAM  monitor] : (2147483647, 2147483647, 38%) Compiled+Run Success! runtime: 0:0:0.833
 
>>>> Start Script: E:\maxbox3\mXGit39988\maxbox3\examples\452_dbtreeview.txt  2014-03-14 08:39:53 
           From Host: maxbox3.exe of E:\maxbox3\mXGit39988\maxbox3\
>>>> Stop Script: 452_dbtreeview.txt                        2014-03-14 08:39:54 
[RAM  monitor] : (2147483647, 2147483647, 38%) Compiled+Run Success! runtime: 0:0:0.819
 
>>>> Start Script: E:\maxbox3\mXGit39988\maxbox3\examples\452_dbtreeview.txt  2014-03-14 08:40:21 
           From Host: maxbox3.exe of E:\maxbox3\mXGit39988\maxbox3\
>>>> Stop Script: 452_dbtreeview.txt                        2014-03-14 08:40:22 
[RAM  monitor] : (2147483647, 2147483647, 38%) Compiled+Run Success! runtime: 0:0:0.833
 
>>>> Start Script: E:\maxbox3\mXGit39988\maxbox3\examples\452_dbtreeview.txt  2014-03-14 08:40:28 
           From Host: maxbox3.exe of E:\maxbox3\mXGit39988\maxbox3\
>>>> Stop Script: 452_dbtreeview.txt                        2014-03-14 08:40:29 
[RAM  monitor] : (2147483647, 2147483647, 38%) Compiled+Run Success! runtime: 0:0:0.841
 
>>>> Start Script: E:\maxbox3\mXGit39988\maxbox3\examples\452_dbtreeview.txt  2014-03-14 08:40:35 
           From Host: maxbox3.exe of E:\maxbox3\mXGit39988\maxbox3\
>>>> Stop Script: 452_dbtreeview.txt                        2014-03-14 08:40:36 
[RAM  monitor] : (2147483647, 2147483647, 38%) Compiled+Run Success! runtime: 0:0:0.844
 
>>>> Start Script: E:\maxbox3\mXGit39988\maxbox3\examples\452_dbtreeview.txt  2014-03-14 08:41:23 
           From Host: maxbox3.exe of E:\maxbox3\mXGit39988\maxbox3\
>>>> Stop Script: 452_dbtreeview.txt                        2014-03-14 08:41:24 
[RAM  monitor] : (2147483647, 2133946368, 38%) Compiled+Run Success! runtime: 0:0:0.831
 
>>>> Start Script: E:\maxbox3\mXGit39988\maxbox3\examples\452_dbtreeview.txt  2014-03-14 08:41:34 
           From Host: maxbox3.exe of E:\maxbox3\mXGit39988\maxbox3\
>>>> Stop Script: 452_dbtreeview.txt                        2014-03-14 08:41:35 
[RAM  monitor] : (2147483647, 2121297920, 39%) Compiled+Run Success! runtime: 0:0:0.837
 
>>>> Start Script: E:\maxbox3\mXGit39988\maxbox3\examples\452_dbtreeview.txt  2014-03-14 08:42:27 
           From Host: maxbox3.exe of E:\maxbox3\mXGit39988\maxbox3\
>>>> Stop Script: 452_dbtreeview.txt                        2014-03-14 08:42:27 
[RAM  monitor] : (2147483647, 2113150976, 39%) Compiled+Run Success! runtime: 0:0:0.844
 
>>>> Start Script: E:\maxbox3\mXGit39988\maxbox3\examples\452_dbtreeview.txt  2014-03-14 08:42:55 
           From Host: maxbox3.exe of E:\maxbox3\mXGit39988\maxbox3\
>>>> Stop Script: 452_dbtreeview.txt                        2014-03-14 08:42:56 
[RAM  monitor] : (2147483647, 2114101248, 39%) Compiled+Run Success! runtime: 0:0:0.844
 
>>>> Start Script: E:\maxbox3\mXGit39988\maxbox3\examples\452_dbtreeview.txt  2014-03-14 08:43:39 
           From Host: maxbox3.exe of E:\maxbox3\mXGit39988\maxbox3\
>>>> Stop Script: 452_dbtreeview.txt                        2014-03-14 08:43:40 
[RAM  monitor] : (2147483647, 2113339392, 39%) Compiled+Run Success! runtime: 0:0:0.837
 
>>>> Start Script: E:\maxbox3\mXGit39988\maxbox3\examples\452_dbtreeview.txt  2014-03-14 08:44:23 
           From Host: maxbox3.exe of E:\maxbox3\mXGit39988\maxbox3\
>>>> Stop Script: 452_dbtreeview.txt                        2014-03-14 08:44:24 
[RAM  monitor] : (2147483647, 2120503296, 39%) Compiled+Run Success! runtime: 0:0:0.851
 
>>>> Start Script: E:\maxbox3\mXGit39988\maxbox3\examples\241_db3_sql_tutorial.txt  2014-03-14 08:45:59 
           From Host: maxbox3.exe of E:\maxbox3\mXGit39988\maxbox3\
>>>> Stop Script: 241_db3_sql_tutorial.txt                  2014-03-14 08:46:04 
[RAM  monitor] : (2147483647, 2065932288, 40%) Compiled+Run Success! runtime: 0:0:5.276
 
>>>> Start Script: E:\maxbox3\mXGit39988\maxbox3\examples\241_db3_sql_tutorial3.txt  2014-03-14 08:46:18 
           From Host: maxbox3.exe of E:\maxbox3\mXGit39988\maxbox3\
>>>> Stop Script: 241_db3_sql_tutorial3.txt                 2014-03-14 08:46:19 
[RAM  monitor] : (2147483647, 2065846272, 40%) Compiled+Run Success! runtime: 0:0:1.638
 
>>>> Start Script: E:\maxbox3\mXGit39988\maxbox3\examples\452_dbtreeview.txt  2014-03-14 08:48:59 
           From Host: maxbox3.exe of E:\maxbox3\mXGit39988\maxbox3\
>>>> Stop Script: 452_dbtreeview.txt                        2014-03-14 08:49:00 
[RAM  monitor] : (2147483647, 2081824768, 40%) Compiled+Run Success! runtime: 0:0:0.842
 
>>>> Start Script: E:\maxbox3\mXGit39988\maxbox3\examples\452_dbtreeview.txt  2014-03-14 08:49:48 
           From Host: maxbox3.exe of E:\maxbox3\mXGit39988\maxbox3\
>>>> Stop Script: 452_dbtreeview.txt                        2014-03-14 08:49:49 
[RAM  monitor] : (2147483647, 2082742272, 40%) Compiled+Run Success! runtime: 0:0:0.835
 
>>>> Start Script: E:\maxbox3\mXGit39988\maxbox3\examples\452_dbtreeview.txt  2014-03-14 08:50:06 
           From Host: maxbox3.exe of E:\maxbox3\mXGit39988\maxbox3\
>>>> Stop Script: 452_dbtreeview.txt                        2014-03-14 08:50:07 
[RAM  monitor] : (2147483647, 2082201600, 40%) Compiled+Run Success! runtime: 0:0:0.831
 
>>>> Start Script: E:\maxbox3\mXGit39988\maxbox3\examples\452_dbtreeview.txt  2014-03-14 08:50:14 
           From Host: maxbox3.exe of E:\maxbox3\mXGit39988\maxbox3\
>>>> Stop Script: 452_dbtreeview.txt                        2014-03-14 08:50:15 
[RAM  monitor] : (2147483647, 2082562048, 40%) Compiled+Run Success! runtime: 0:0:0.834
 
>>>> Start Script: E:\maxbox3\mXGit39988\maxbox3\examples\452_dbtreeview.txt  2014-03-14 08:52:09 
           From Host: maxbox3.exe of E:\maxbox3\mXGit39988\maxbox3\
>>>> Stop Script: 452_dbtreeview.txt                        2014-03-14 08:52:10 
[RAM  monitor] : (2147483647, 2076987392, 40%) Compiled+Run Success! runtime: 0:0:0.853
 
>>>> Start Script: E:\maxbox3\mXGit39988\maxbox3\examples\452_dbtreeview.txt  2014-03-14 08:53:48 
           From Host: maxbox3.exe of E:\maxbox3\mXGit39988\maxbox3\
>>>> Stop Script: 452_dbtreeview.txt                        2014-03-14 08:53:49 
[RAM  monitor] : (2147483647, 2078089216, 40%) Compiled+Run Success! runtime: 0:0:0.859
 
>>>> Start Script: E:\maxbox3\mXGit39988\maxbox3\examples\452_dbtreeview.txt  2014-03-14 08:54:11 
           From Host: maxbox3.exe of E:\maxbox3\mXGit39988\maxbox3\
>>>> Stop Script: 452_dbtreeview.txt                        2014-03-14 08:54:12 
[RAM  monitor] : (2147483647, 2078937088, 40%) Compiled+Run Success! runtime: 0:0:0.855
 
>>>> Start Script: E:\maxbox3\mXGit39988\maxbox3\examples\452_dbtreeview.txt  2014-03-14 08:54:19 
           From Host: maxbox3.exe of E:\maxbox3\mXGit39988\maxbox3\
>>>> Stop Script: 452_dbtreeview.txt                        2014-03-14 08:54:20 
[RAM  monitor] : (2147483647, 2080473088, 40%) Compiled+Run Success! runtime: 0:0:0.856
 
>>>> Start Script: E:\maxbox3\mXGit39988\maxbox3\examples\242_Component_Control.txt  2014-03-14 08:55:42 
           From Host: maxbox3.exe of E:\maxbox3\mXGit39988\maxbox3\
>>>> Stop Script: 242_Component_Control.txt                 2014-03-14 08:55:48 
[RAM  monitor] : (2147483647, 2065682432, 40%) Compiled+Run Success! runtime: 8:55:42.538
 
>>>> Start Script: E:\maxbox3\mXGit39988\maxbox3\examples\242_Component_Control.txt  2014-03-14 08:56:14 
           From Host: maxbox3.exe of E:\maxbox3\mXGit39988\maxbox3\
>>>> Stop Script: 242_Component_Control.txt                 2014-03-14 08:56:20 
[RAM  monitor] : (2147483647, 2065788928, 40%) Compiled+Run Success! runtime: 0:0:5.444
 
>>>> Start Script: E:\maxbox3\mXGit39988\maxbox3\examples\248_ASCII_Grid2_sorted.TXT  2014-03-14 08:56:33 
           From Host: maxbox3.exe of E:\maxbox3\mXGit39988\maxbox3\
>>>> Stop Script: 248_ASCII_Grid2_sorted.TXT                2014-03-14 08:56:35 
[RAM  monitor] : (2147483647, 2067197952, 40%) Compiled+Run Success! runtime: 0:0:1.541
 
>>>> Start Script: E:\maxbox3\mXGit39988\maxbox3\examples\250_tipsandtricks4_tester2.txt  2014-03-14 08:56:56 
           From Host: maxbox3.exe of E:\maxbox3\mXGit39988\maxbox3\
>>>> Stop Script: 250_tipsandtricks4_tester2.txt            2014-03-14 08:57:02 
[RAM  monitor] : (2147483647, 2058522624, 40%) Compiled+Run Success! runtime: 0:0:5.913
 
>>>> Start Script: E:\maxbox3\mXGit39988\maxbox3\examples\231_DBGrid_access.txt  2014-03-14 08:57:28 
           From Host: maxbox3.exe of E:\maxbox3\mXGit39988\maxbox3\
>>>> Stop Script: 231_DBGrid_access.txt                     2014-03-14 08:57:29 
[RAM  monitor] : (2147483647, 2060951552, 40%) Compiled+Run Success! runtime: 8:57:28.277
 
>>>> Start Script: E:\maxbox3\mXGit39988\maxbox3\examples\231_DBGrid_access.txt  2014-03-14 08:58:53 
           From Host: maxbox3.exe of E:\maxbox3\mXGit39988\maxbox3\
>>>> Stop Script: 231_DBGrid_access.txt                     2014-03-14 08:58:54 
[RAM  monitor] : (2147483647, 2061795328, 40%) Compiled+Run Success! runtime: 8:58:53.231
 
>>>> Start Script: E:\maxbox3\mXGit39988\maxbox3\examples\452_dbtreeview.txt  2014-03-14 09:00:54 
           From Host: maxbox3.exe of E:\maxbox3\mXGit39988\maxbox3\
>>>> Stop Script: 452_dbtreeview.txt                        2014-03-14 09:00:55 
[RAM  monitor] : (2147483647, 2060570624, 40%) Compiled+Run Success! runtime: 0:0:0.860
 
>>>> Start Script: E:\maxbox3\mXGit39988\maxbox3\examples\231_DBGrid_access.txt  2014-03-14 09:01:21 
           From Host: maxbox3.exe of E:\maxbox3\mXGit39988\maxbox3\
>>>> Stop Script: 231_DBGrid_access.txt                     2014-03-14 09:01:22 
[RAM  monitor] : (2147483647, 2058661888, 40%) Compiled+Run Success! runtime: 9:1:21.778
 
>>>> Start Script: E:\maxbox3\mXGit39988\maxbox3\examples\231_DBGrid_access.txt  2014-03-14 09:02:13 
           From Host: maxbox3.exe of E:\maxbox3\mXGit39988\maxbox3\
>>>> Stop Script: 231_DBGrid_access.txt                     2014-03-14 09:02:14 
[RAM  monitor] : (2147483647, 2056794112, 41%) Compiled+Run Success! runtime: 9:2:13.242
 
>>>> Start Script: E:\maxbox3\mXGit39988\maxbox3\examples\231_DBGrid_access.txt  2014-03-14 09:02:18 
           From Host: maxbox3.exe of E:\maxbox3\mXGit39988\maxbox3\
>>>> Stop Script: 231_DBGrid_access.txt                     2014-03-14 09:02:19 
[RAM  monitor] : (2147483647, 2051428352, 41%) Compiled+Run Success! runtime: 9:2:18.414
 
>>>> Start Script: E:\maxbox3\mXGit39988\maxbox3\examples\231_DBGrid_access.txt  2014-03-14 09:04:13 
           From Host: maxbox3.exe of E:\maxbox3\mXGit39988\maxbox3\
>>>> Stop Script: 231_DBGrid_access.txt                     2014-03-14 09:04:13 
[RAM  monitor] : (2147483647, 2050297856, 41%) Compiled+Run Success! runtime: 9:4:12.909
 
>>>> Start Script: E:\maxbox3\mXGit39988\maxbox3\examples\231_DBGrid_access.txt  2014-03-14 09:04:43 
           From Host: maxbox3.exe of E:\maxbox3\mXGit39988\maxbox3\
>>>> Stop Script: 231_DBGrid_access.txt                     2014-03-14 09:04:44 
[RAM  monitor] : (2147483647, 2049265664, 41%) Compiled+Run Success! runtime: 9:4:43.567
 
>>>> Start Script: E:\maxbox3\mXGit39988\maxbox3\examples\231_DBGrid_access.txt  2014-03-14 09:05:01 
           From Host: maxbox3.exe of E:\maxbox3\mXGit39988\maxbox3\
>>>> Stop Script: 231_DBGrid_access.txt                     2014-03-14 09:05:02 
[RAM  monitor] : (2147483647, 2047389696, 41%) Compiled+Run Success! runtime: 9:5:1.556
 
>>>> Start Script: E:\maxbox3\mXGit39988\maxbox3\examples\452_dbtreeview.txt  2014-03-14 09:05:43 
           From Host: maxbox3.exe of E:\maxbox3\mXGit39988\maxbox3\
>>>> Stop Script: 452_dbtreeview.txt                        2014-03-14 09:05:43 
[RAM  monitor] : (2147483647, 2054332416, 41%) Compiled+Run Success! runtime: 0:0:0.874
 
>>>> Start Script: E:\maxbox3\mXGit39988\maxbox3\examples\452_dbtreeview.txt  2014-03-14 09:08:14 
           From Host: maxbox3.exe of E:\maxbox3\mXGit39988\maxbox3\
>>>> Stop Script: 452_dbtreeview.txt                        2014-03-14 09:08:14 
[RAM  monitor] : (2147483647, 2055254016, 41%) Compiled+Run Success! runtime: 0:0:0.862
 
>>>> Start Script: E:\maxbox3\mXGit39988\maxbox3\examples\452_dbtreeview.txt  2014-03-14 09:08:23 
           From Host: maxbox3.exe of E:\maxbox3\mXGit39988\maxbox3\
>>>> Stop Script: 452_dbtreeview.txt                        2014-03-14 09:08:24 
[RAM  monitor] : (2147483647, 2055319552, 41%) Compiled+Run Success! runtime: 0:0:0.868
 
>>>> Start Script: E:\maxbox3\mXGit39988\maxbox3\examples\452_dbtreeview.txt  2014-03-14 09:09:18 
           From Host: maxbox3.exe of E:\maxbox3\mXGit39988\maxbox3\
E:\maxbox3\mXGit39988\maxbox3\examples\452_dbtreeview.txt failed
>>>> Fail maxbox3.exe                                       2014-03-14 09:09:19 
 
>>>> Start Script: E:\maxbox3\mXGit39988\maxbox3\examples\452_dbtreeview.txt  2014-03-14 09:09:57 
           From Host: maxbox3.exe of E:\maxbox3\mXGit39988\maxbox3\
E:\maxbox3\mXGit39988\maxbox3\examples\452_dbtreeview.txt failed
>>>> Fail maxbox3.exe                                       2014-03-14 09:09:58 
 
>>>> Start Script: E:\maxbox3\mXGit39988\maxbox3\examples\452_dbtreeview.txt  2014-03-14 09:10:19 
           From Host: maxbox3.exe of E:\maxbox3\mXGit39988\maxbox3\
E:\maxbox3\mXGit39988\maxbox3\examples\452_dbtreeview.txt failed
>>>> Fail maxbox3.exe                                       2014-03-14 09:10:20 
 
>>>> Start Script: E:\maxbox3\mXGit39988\maxbox3\examples\452_dbtreeview.txt  2014-03-14 09:11:41 
           From Host: maxbox3.exe of E:\maxbox3\mXGit39988\maxbox3\
>>>> Stop Script: 452_dbtreeview.txt                        2014-03-14 09:11:41 
[RAM  monitor] : (2147483647, 2061418496, 40%) Compiled+Run Success! runtime: 0:0:0.855
 
>>>> Start Script: E:\maxbox3\mXGit39988\maxbox3\examples\452_dbtreeview.txt  2014-03-14 18:31:20 
           From Host: maxbox3.exe of E:\maxbox3\mXGit39988\maxbox3\
>>>> Stop Script: 452_dbtreeview.txt                        2014-03-14 18:31:21 
[RAM  monitor] : (2147483647, 2147483647, 36%) Compiled+Run Success! runtime: 0:0:0.861
 
>>>> Start Script: E:\maxbox3\mXGit39988\maxbox3\examples\452_dbtreeview.txt  2014-03-14 20:40:52 
           From Host: maxbox3.exe of E:\maxbox3\mXGit39988\maxbox3\
>>>> Stop Script: 452_dbtreeview.txt                        2014-03-14 20:40:53 
[RAM  monitor] : (2147483647, 2147483647, 34%) Compiled+Run Success! runtime: 20:40:52.737
 
>>>> Start Script: E:\maxbox3\mXGit39988\maxbox3\examples\452_dbtreeview.txt  2014-03-14 20:44:58 
           From Host: maxbox3.exe of E:\maxbox3\mXGit39988\maxbox3\
>>>> Stop Script: 452_dbtreeview.txt                        2014-03-14 20:44:59 
[RAM  monitor] : (2147483647, 2147483647, 35%) Compiled+Run Success! runtime: 20:44:58.560
 
>>>> Start Script: E:\maxbox3\mXGit39988\maxbox3\examples\452_dbtreeview.txt  2014-03-14 20:46:19 
           From Host: maxbox3.exe of E:\maxbox3\mXGit39988\maxbox3\
>>>> Stop Script: 452_dbtreeview.txt                        2014-03-14 20:46:20 
[RAM  monitor] : (2147483647, 2147483647, 35%) Compiled+Run Success! runtime: 0:0:0.845
 
>>>> Start Script: E:\maxbox3\mXGit39988\maxbox3\examples\452_dbtreeview.txt  2014-03-14 20:46:45 
           From Host: maxbox3.exe of E:\maxbox3\mXGit39988\maxbox3\
>>>> Stop Script: 452_dbtreeview.txt                        2014-03-14 20:46:46 
[RAM  monitor] : (2147483647, 2147483647, 35%) Compiled+Run Success! runtime: 20:46:45.307
 
>>>> Start Script: E:\maxbox3\mXGit39988\maxbox3\examples\452_dbtreeview.txt  2014-03-14 20:47:26 
           From Host: maxbox3.exe of E:\maxbox3\mXGit39988\maxbox3\
>>>> Stop Script: 452_dbtreeview.txt                        2014-03-14 20:47:27 
[RAM  monitor] : (2147483647, 2147483647, 35%) Compiled+Run Success! runtime: 20:47:26.357
 
>>>> Start Script: E:\maxbox3\mXGit39988\maxbox3\examples\452_dbtreeview.txt  2014-03-14 20:48:15 
           From Host: maxbox3.exe of E:\maxbox3\mXGit39988\maxbox3\
>>>> Stop Script: 452_dbtreeview.txt                        2014-03-14 20:48:16 
[RAM  monitor] : (2147483647, 2147483647, 35%) Compiled+Run Success! runtime: 20:48:15.234
 
>>>> Start Script: E:\maxbox3\mXGit39988\maxbox3\examples\452_dbtreeview.txt  2014-03-14 20:49:03 
           From Host: maxbox3.exe of E:\maxbox3\mXGit39988\maxbox3\
>>>> Stop Script: 452_dbtreeview.txt                        2014-03-14 20:49:03 
[RAM  monitor] : (2147483647, 2147483647, 35%) Compiled+Run Success! runtime: 20:49:3.11
 
>>>> Start Script: E:\maxbox3\mXGit39988\maxbox3\examples\231_DBGrid_access.txt  2014-03-14 20:52:09 
           From Host: maxbox3.exe of E:\maxbox3\mXGit39988\maxbox3\
>>>> Stop Script: 231_DBGrid_access.txt                     2014-03-14 20:52:10 
[RAM  monitor] : (2147483647, 2147483647, 36%) Compiled+Run Success! runtime: 20:52:9.380
 
>>>> Start Script: E:\maxbox3\mXGit39988\maxbox3\examples\452_dbtreeview.txt  2014-03-14 20:52:42 
           From Host: maxbox3.exe of E:\maxbox3\mXGit39988\maxbox3\
>>>> Stop Script: 452_dbtreeview.txt                        2014-03-14 20:52:43 
[RAM  monitor] : (2147483647, 2147483647, 36%) Compiled+Run Success! runtime: 20:52:42.456
 
>>>> Start Script: E:\maxbox3\mXGit39988\maxbox3\examples\452_dbtreeview.txt  2014-03-14 20:53:03 
           From Host: maxbox3.exe of E:\maxbox3\mXGit39988\maxbox3\
>>>> Stop Script: 452_dbtreeview.txt                        2014-03-14 20:53:03 
[RAM  monitor] : (2147483647, 2147483647, 36%) Compiled+Run Success! runtime: 20:53:3.120
 
>>>> Start Script: E:\maxbox3\mXGit39988\maxbox3\examples\452_dbtreeview.txt  2014-03-14 20:53:45 
           From Host: maxbox3.exe of E:\maxbox3\mXGit39988\maxbox3\
>>>> Stop Script: 452_dbtreeview.txt                        2014-03-14 20:53:46 
[RAM  monitor] : (2147483647, 2147483647, 36%) Compiled+Run Success! runtime: 20:53:45.479
 
>>>> Start Script: E:\maxbox3\mXGit39988\maxbox3\examples\452_dbtreeview.txt  2014-03-14 20:53:55 
           From Host: maxbox3.exe of E:\maxbox3\mXGit39988\maxbox3\
>>>> Stop Script: 452_dbtreeview.txt                        2014-03-14 20:53:55 
[RAM  monitor] : (2147483647, 2147483647, 36%) Compiled+Run Success! runtime: 20:53:55.44
 
>>>> Start Script: E:\maxbox3\mXGit39988\maxbox3\examples\452_dbtreeview.txt  2014-03-14 20:54:35 
           From Host: maxbox3.exe of E:\maxbox3\mXGit39988\maxbox3\
E:\maxbox3\mXGit39988\maxbox3\examples\452_dbtreeview.txt failed
>>>> Fail maxbox3.exe                                       2014-03-14 20:54:36 
 
>>>> Start Script: E:\maxbox3\mXGit39988\maxbox3\examples\452_dbtreeview.txt  2014-03-14 20:59:15 
           From Host: maxbox3.exe of E:\maxbox3\mXGit39988\maxbox3\
>>>> Stop Script: 452_dbtreeview.txt                        2014-03-14 20:59:16 
[RAM  monitor] : (2147483647, 2147483647, 36%) Compiled+Run Success! runtime: 0:0:0.854
 
>>>> Start Script: E:\maxbox3\mXGit39988\maxbox3\examples\452_dbtreeview.txt  2014-03-14 21:01:10 
           From Host: maxbox3.exe of E:\maxbox3\mXGit39988\maxbox3\
>>>> Stop Script: 452_dbtreeview.txt                        2014-03-14 21:01:10 
[RAM  monitor] : (2147483647, 2147483647, 36%) Compiled+Run Success! runtime: 0:0:0.842
 
>>>> Start Script: E:\maxbox3\mXGit39988\maxbox3\examples\452_dbtreeview.txt  2014-03-14 22:42:12 
           From Host: maxbox3.exe of E:\maxbox3\mXGit39988\maxbox3\
>>>> Stop Script: 452_dbtreeview.txt                        2014-03-14 22:42:13 
[RAM  monitor] : (2147483647, 2147483647, 36%) Compiled+Run Success! runtime: 0:0:0.840
 
New Session Exe Start E:\maxbox3\mXGit39988\maxbox3\examples\452_dbtreeview.txt
>>>> Start Exe: maxbox3.exe v3.9.9.91                       2014-03-16 19:22:07 
>>>> Start [RAM  monitor] : Total=2147483647, Avail=1903304704, Load=45% ; [Disk monitor] : Available to user=158267293696, Total on disk=214958075904, Free total on disk=158267293696 ; 2014-03-16 19:22:07 
 
>>>> Start Script: E:\maxbox3\mXGit39988\maxbox3\examples\452_dbtreeview.txt  2014-03-16 19:22:13 
           From Host: maxbox3.exe of E:\maxbox3\mXGit39988\maxbox3\
>>>> Stop Script: 452_dbtreeview.txt                        2014-03-16 19:22:14 
[RAM  monitor] : (2147483647, 1885532160, 45%) Compiled+Run Success! runtime: 0:0:0.920
 
New Session Exe Start E:\maxbox3\mXGit39988\maxbox3\examples\452_dbtreeview.txt
>>>> Start Exe: maxbox3.exe v3.9.9.91                       2014-03-18 09:01:10 
>>>> Start [RAM  monitor] : Total=2147483647, Avail=1941307392, Load=44% ; [Disk monitor] : Available to user=158245285888, Total on disk=214958075904, Free total on disk=158245285888 ; 2014-03-18 09:01:10 
 
New Session Exe Start E:\maxbox3\mXGit39988\maxbox3\examples\452_dbtreeview.txt
>>>> Start Exe: maxbox3.exe v3.9.9.92                       2014-03-18 09:37:49 
>>>> Start [RAM  monitor] : Total=2147483647, Avail=2093043712, Load=40% ; [Disk monitor] : Available to user=158205640704, Total on disk=214958075904, Free total on disk=158205640704 ; 2014-03-18 09:37:49 
 
>>>> Start Script: E:\maxbox3\mXGit39988\maxbox3\examples\231_DBGrid_access.txt  2014-03-18 09:37:59 
           From Host: maxbox3.exe of E:\maxbox3\mXGit39988\maxbox3\
>>>> Stop Script: 231_DBGrid_access.txt                     2014-03-18 09:38:00 
[RAM  monitor] : (2147483647, 2083119104, 40%) Compiled+Run Success! runtime: 9:37:59.248
 
>>>> Start Script: E:\maxbox3\mXGit39988\maxbox3\examples\250_tipsandtricks4_tester2.txt  2014-03-18 09:38:14 
           From Host: maxbox3.exe of E:\maxbox3\mXGit39988\maxbox3\
>>>> Stop Script: 250_tipsandtricks4_tester2.txt            2014-03-18 09:38:19 
[RAM  monitor] : (2147483647, 2084687872, 40%) Compiled+Run Success! runtime: 0:0:5.802
 
New Session Exe Start E:\maxbox3\mXGit39988\maxbox3\examples\250_tipsandtricks4_tester2.txt
>>>> Start Exe: maxbox3.exe v3.9.9.92                       2014-03-18 20:25:38 
>>>> Start [RAM  monitor] : Total=2147483647, Avail=1707925504, Load=51% ; [Disk monitor] : Available to user=158178521088, Total on disk=214958075904, Free total on disk=158178521088 ; 2014-03-18 20:25:38 
 
>>>> Start Script: E:\maxbox3\mXGit39988\maxbox3\examples\231_DBGrid_access.txt  2014-03-18 21:06:39 
           From Host: maxbox3.exe of E:\maxbox3\mXGit39988\maxbox3\
>>>> Stop Script: 231_DBGrid_access.txt                     2014-03-18 21:06:40 
[RAM  monitor] : (2147483647, 1705279488, 51%) Compiled+Run Success! runtime: 21:6:39.311
 
New Session Exe Start E:\maxbox3\mXGit39988\maxbox3\examples\231_DBGrid_access.txt
>>>> Start Exe: maxbox3.exe v3.9.9.92                       2014-03-18 22:47:48 
>>>> Start [RAM  monitor] : Total=2147483647, Avail=1472978944, Load=57% ; [Disk monitor] : Available to user=158158798848, Total on disk=214958075904, Free total on disk=158158798848 ; 2014-03-18 22:47:48 
 
New Session Exe Start E:\maxbox3\mXGit39988\maxbox3\examples\231_DBGrid_access.txt
>>>> Start Exe: maxbox3.exe v3.9.9.92                       2014-03-18 23:06:02 
>>>> Start [RAM  monitor] : Total=2147483647, Avail=1721282560, Load=50% ; [Disk monitor] : Available to user=158158692352, Total on disk=214958075904, Free total on disk=158158692352 ; 2014-03-18 23:06:02 
 
New Session Exe Start E:\maxbox3\mXGit39988\maxbox3\examples\231_DBGrid_access.txt
>>>> Start Exe: maxbox3.exe v3.9.9.92                       2014-03-19 17:49:50 
>>>> Start [RAM  monitor] : Total=2147483647, Avail=2077691904, Load=40% ; [Disk monitor] : Available to user=158320865280, Total on disk=214958075904, Free total on disk=158320865280 ; 2014-03-19 17:49:50 
 
New Session Exe Start E:\maxbox3\mXGit39988\maxbox3\examples\231_DBGrid_access.txt
>>>> Start Exe: maxbox3.exe v3.9.9.92                       2014-03-19 18:01:13 
>>>> Start [RAM  monitor] : Total=2147483647, Avail=2023206912, Load=42% ; [Disk monitor] : Available to user=158320865280, Total on disk=214958075904, Free total on disk=158320865280 ; 2014-03-19 18:01:13 
 
New Session Exe Start E:\maxbox3\mXGit39988\maxbox3\examples\231_DBGrid_access.txt
>>>> Start Exe: maxbox3.exe v3.9.9.94                       2014-03-28 23:34:07 
>>>> Start [RAM  monitor] : Total=2147483647, Avail=2147483647, Load=32% ; [Disk monitor] : Available to user=157393977344, Total on disk=214958075904, Free total on disk=157393977344 ; 2014-03-28 23:34:07 
 
>>>> Start Script: E:\maxbox3\mXGit39988\maxbox3\examples\231_DBGrid_access.txt  2014-03-28 23:34:11 
           From Host: maxbox3.exe of E:\maxbox3\mXGit39988\maxbox3\
>>>> Stop Script: 231_DBGrid_access.txt                     2014-03-28 23:34:12 
[RAM  monitor] : (2147483647, 2147483647, 32%) Compiled+Run Success! runtime: 23:34:11.387
 
>>>> Start Script: E:\maxbox3\mXGit39988\maxbox3\examples\250_tipsandtricks4_tester2.txt  2014-03-28 23:34:20 
           From Host: maxbox3.exe of E:\maxbox3\mXGit39988\maxbox3\
>>>> Stop Script: 250_tipsandtricks4_tester2.txt            2014-03-28 23:34:26 
[RAM  monitor] : (2147483647, 2147483647, 33%) Compiled+Run Success! runtime: 0:0:5.930
 
New Session Exe Start E:\maxbox3\mXGit39988\maxbox3\examples\250_tipsandtricks4_tester2.txt
>>>> Start Exe: maxbox3.exe v3.9.9.94                       2014-03-29 20:07:20 
>>>> Start [RAM  monitor] : Total=2147483647, Avail=2034405376, Load=41% ; [Disk monitor] : Available to user=157558599680, Total on disk=214958075904, Free total on disk=157558599680 ; 2014-03-29 20:07:20 
 
New Session Exe Start E:\maxbox3\mXGit39988\maxbox3\examples\250_tipsandtricks4_tester2.txt
>>>> Start Exe: maxbox3.exe v3.9.9.94                       2014-04-10 10:40:56 
>>>> Start [RAM  monitor] : Total=2147483647, Avail=2081792000, Load=40% ; [Disk monitor] : Available to user=157178023936, Total on disk=214958075904, Free total on disk=157178023936 ; 2014-04-10 10:40:56 
 
New Session Exe Start E:\maxbox3\mXGit39988\maxbox3\examples\250_tipsandtricks4_tester2.txt
>>>> Start Exe: maxbox3.exe v3.9.9.94                       2014-04-12 09:24:35 
>>>> Start [RAM  monitor] : Total=2147483647, Avail=2147483647, Load=30% ; [Disk monitor] : Available to user=157134979072, Total on disk=214958075904, Free total on disk=157134979072 ; 2014-04-12 09:24:35 
 
New Session Exe Start E:\maxbox3\mXGit39988\maxbox3\examples\250_tipsandtricks4_tester2.txt
>>>> Start Exe: maxbox3.exe v3.9.9.94                       2014-04-21 16:29:06 
>>>> Start [RAM  monitor] : Total=2147483647, Avail=2074103808, Load=40% ; [Disk monitor] : Available to user=156786999296, Total on disk=214958075904, Free total on disk=156786999296 ; 2014-04-21 16:29:06 
 
>>>> Start Script: E:\maxbox3\mXGit39988\maxbox3\examples\466_moon.txt  2014-04-21 16:29:31 
           From Host: maxbox3.exe of E:\maxbox3\mXGit39988\maxbox3\
>>>> Stop Script: 466_moon.txt                              2014-04-21 16:30:14 
[RAM  monitor] : (2147483647, 2059124736, 40%) Compiled+Run Success! runtime: 0:0:42.724
 
>>>> Start Script: E:\maxbox3\mXGit39988\maxbox3\examples\295_easter_calendar2.txt  2014-04-21 16:30:31 
           From Host: maxbox3.exe of E:\maxbox3\mXGit39988\maxbox3\
>>>> Stop Script: 295_easter_calendar2.txt                  2014-04-21 16:30:35 
[RAM  monitor] : (2147483647, 2051432448, 41%) Compiled+Run Success! runtime: 0:0:3.482
 
>>>> Start Script: E:\maxbox3\mXGit39988\maxbox3\examples\295_easter_calendar2.txt  2014-04-21 16:30:39 
           From Host: maxbox3.exe of E:\maxbox3\mXGit39988\maxbox3\
>>>> Stop Script: 295_easter_calendar2.txt                  2014-04-21 16:30:40 
[RAM  monitor] : (2147483647, 2049912832, 41%) Compiled+Run Success! runtime: 0:0:0.920
 
New Session Exe Start E:\maxbox3\mXGit39988\maxbox3\examples\295_easter_calendar2.txt
>>>> Start Exe: maxbox3.exe v3.9.9.95                       2014-04-24 09:46:29 
>>>> Start [RAM  monitor] : Total=2147483647, Avail=1990995968, Load=42% ; [Disk monitor] : Available to user=156648075264, Total on disk=214958075904, Free total on disk=156648075264 ; 2014-04-24 09:46:29 
 
New Session Exe Start E:\maxbox3\mXGit39988\maxbox3\examples\295_easter_calendar2.txt
>>>> Start Exe: maxbox3.exe v3.9.9.95                       2014-04-24 09:46:48 
>>>> Start [RAM  monitor] : Total=2147483647, Avail=1978941440, Load=43% ; [Disk monitor] : Available to user=156648075264, Total on disk=214958075904, Free total on disk=156648075264 ; 2014-04-24 09:46:48 
 
New Session Exe Start E:\maxbox3\mXGit39988\maxbox3\examples\295_easter_calendar2.txt
>>>> Start Exe: maxbox3.exe v3.9.9.95                       2014-04-27 10:59:53 
>>>> Start [RAM  monitor] : Total=2147483647, Avail=2147483647, Load=37% ; [Disk monitor] : Available to user=156463198208, Total on disk=214958075904, Free total on disk=156463198208 ; 2014-04-27 10:59:53 
 
New Session Exe Start E:\maxbox3\mXGit39988\maxbox3\examples\295_easter_calendar2.txt
>>>> Start Exe: maxbox3.exe v3.9.9.96                       2014-05-14 14:11:52 
>>>> Start [RAM  monitor] : Total=2147483647, Avail=1865150464, Load=46% ; [Disk monitor] : Available to user=156383338496, Total on disk=214958075904, Free total on disk=156383338496 ; 2014-05-14 14:11:52 
 
New Session Exe Start E:\maxbox3\mXGit39988\maxbox3\examples\295_easter_calendar2.txt
>>>> Start Exe: maxbox3.exe v3.9.9.96                       2014-05-14 14:12:11 
>>>> Start [RAM  monitor] : Total=2147483647, Avail=1867603968, Load=46% ; [Disk monitor] : Available to user=156383338496, Total on disk=214958075904, Free total on disk=156383338496 ; 2014-05-14 14:12:11 
 
>>>> Start Script: E:\maxbox3\mXGit39988\maxbox3\examples\295_easter_calendar2.txt  2014-05-14 14:12:15 
           From Host: maxbox3.exe of E:\maxbox3\mXGit39988\maxbox3\
>>>> Stop Script: 295_easter_calendar2.txt                  2014-05-14 14:12:16 
[RAM  monitor] : (2147483647, 1852993536, 46%) Compiled+Run Success! runtime: 0:0:1.72
 
New Session Exe Start E:\maxbox3\mXGit39988\maxbox3\examples\295_easter_calendar2.txt
>>>> Start Exe: maxbox3.exe v3.9.9.96                       2014-05-14 14:12:31 
>>>> Start [RAM  monitor] : Total=2147483647, Avail=1865854976, Load=46% ; [Disk monitor] : Available to user=156383338496, Total on disk=214958075904, Free total on disk=156383338496 ; 2014-05-14 14:12:31 
 
New Session Exe Start E:\maxbox3\mXGit39988\maxbox3\examples\295_easter_calendar2.txt
>>>> Start Exe: maxbox3.exe v3.9.9.96                       2014-05-14 14:52:02 
>>>> Start [RAM  monitor] : Total=2147483647, Avail=1824702464, Load=47% ; [Disk monitor] : Available to user=156383682560, Total on disk=214958075904, Free total on disk=156383682560 ; 2014-05-14 14:52:02 
 
New Session Exe Start E:\maxbox3\mXGit39988\maxbox3\examples\295_easter_calendar2.txt
>>>> Start Exe: maXbox3.exe v3.9.9.96                       2014-05-22 08:18:25 
>>>> Start [RAM  monitor] : Total=2147483647, Avail=2058702848, Load=40% ; [Disk monitor] : Available to user=155756425216, Total on disk=214958075904, Free total on disk=155756425216 ; 2014-05-22 08:18:25 
 
New Session Exe Start E:\maxbox3\mXGit39988\maxbox3\pas_includebox.inc
>>>> Start Exe: maXbox3.exe v3.9.9.96                       2014-05-22 21:00:49 
>>>> Start [RAM  monitor] : Total=2147483647, Avail=1206038528, Load=65% ; [Disk monitor] : Available to user=155910848512, Total on disk=214958075904, Free total on disk=155910848512 ; 2014-05-22 21:00:49 
 
>>>> Start Script: E:\maxbox3\mXGit39988\maxbox3\examples\295_easter_calendar2.txt  2014-05-22 21:00:58 
           From Host: maXbox3.exe of E:\maxbox3\mXGit39988\maxbox3\
>>>> Stop Script: 295_easter_calendar2.txt                  2014-05-22 21:01:08 
[RAM  monitor] : (2147483647, 1182187520, 66%) Compiled+Run Success! runtime: 0:0:9.985
 
New Session Exe Start E:\maxbox3\mXGit39988\maxbox3\examples\295_easter_calendar2.txt
>>>> Start Exe: maXbox3.exe v3.9.9.98                       2014-07-22 20:47:57 
>>>> Start [RAM  monitor] : Total=2147483647, Avail=2145615872, Load=38% ; [Disk monitor] : Available to user=154584195072, Total on disk=214958075904, Free total on disk=154584195072 ; 2014-07-22 20:47:57 
 
New Session Exe Start E:\maxbox3\mXGit39988\maxbox3\examples\295_easter_calendar2.txt
>>>> Start Exe: maXbox3.exe v3.9.9.98                       2014-08-30 23:50:37 
>>>> Start [RAM  monitor] : Total=2147483647, Avail=2147483647, Load=37% ; [Disk monitor] : Available to user=152891183104, Total on disk=214958075904, Free total on disk=152891183104 ; 2014-08-30 23:50:37 
 
New Session Exe Start E:\maxbox3\mXGit39988\maxbox3\examples\295_easter_calendar2.txt
>>>> Start Exe: maXbox3.exe v3.9.9.98                       2014-08-31 16:49:56 
>>>> Start [RAM  monitor] : Total=2147483647, Avail=2074656768, Load=40% ; [Disk monitor] : Available to user=152867188736, Total on disk=214958075904, Free total on disk=152867188736 ; 2014-08-31 16:49:56 
 
New Session Exe Start E:\maxbox3\mXGit39988\maxbox3\examples\295_easter_calendar2.txt
>>>> Start Exe: maXbox3.exe v3.9.9.100                      2014-10-22 18:24:37 
>>>> Start [RAM  monitor] : Total=2147483647, Avail=916746240, Load=73% ; [Disk monitor] : Available to user=151184175104, Total on disk=214958075904, Free total on disk=151184175104 ; 2014-10-22 18:24:37 
 
New Session Exe Start E:\maxbox3\mXGit39988\maxbox3\examples\295_easter_calendar2.txt
>>>> Start Exe: maXbox3.exe v3.9.9.101                      2014-10-24 22:36:00 
>>>> Start [RAM  monitor] : Total=2147483647, Avail=1376235520, Load=60% ; [Disk monitor] : Available to user=150995689472, Total on disk=214958075904, Free total on disk=150995689472 ; 2014-10-24 22:36:00 
 
>>>> Start Script: E:\maxbox3\mXGit39988\maxbox3\examples\440_XML_Tutor2.txt  2014-10-24 22:36:51 
           From Host: maXbox3.exe of E:\maxbox3\mXGit39988\maxbox3\
>>>> Stop Script: 440_XML_Tutor2.txt                        2014-10-24 22:36:52 
[RAM  monitor] : (2147483647, 1346691072, 61%) Compiled+Run Success! runtime: 0:0:1.403
 
>>>> Start Script: E:\maxbox3\mXGit39988\maxbox3\examples\440_XML_Tutor2.txt  2014-10-24 22:37:00 
           From Host: maXbox3.exe of E:\maxbox3\mXGit39988\maxbox3\
>>>> Stop Script: 440_XML_Tutor2.txt                        2014-10-24 22:37:01 
[RAM  monitor] : (2147483647, 1345146880, 61%) Compiled+Run Success! runtime: 0:0:1.136
 
>>>> Start Script: E:\maxbox3\mXGit39988\maxbox3\examples\295_easter_calendar2.txt  2014-10-24 22:39:15 
           From Host: maXbox3.exe of E:\maxbox3\mXGit39988\maxbox3\
E:\maxbox3\mXGit39988\maxbox3\examples\295_easter_calendar2.txt failed
>>>> Fail maXbox3.exe                                       2014-10-24 22:39:16 
 
>>>> Start Script: E:\maxbox3\mXGit39988\maxbox3\examples\295_easter_calendar2.txt  2014-10-24 22:39:31 
           From Host: maXbox3.exe of E:\maxbox3\mXGit39988\maxbox3\
>>>> Stop Script: 295_easter_calendar2.txt                  2014-10-24 22:39:35 
[RAM  monitor] : (2147483647, 1344712704, 61%) Compiled+Run Success! runtime: 0:0:3.837
 
>>>> Start Script: E:\maxbox3\mXGit39988\maxbox3\examples\295_easter_calendar2.txt  2014-10-24 22:39:46 
           From Host: maXbox3.exe of E:\maxbox3\mXGit39988\maxbox3\
>>>> Stop Script: 295_easter_calendar2.txt                  2014-10-24 22:39:49 
[RAM  monitor] : (2147483647, 1338486784, 61%) Compiled+Run Success! runtime: 0:0:3.211
 
>>>> Start Script: E:\maxbox3\mXGit39988\maxbox3\examples\250_tipsandtricks4_tester2.txt  2014-10-24 22:40:16 
           From Host: maXbox3.exe of E:\maxbox3\mXGit39988\maxbox3\
>>>> Stop Script: 250_tipsandtricks4_tester2.txt            2014-10-24 22:40:26 
[RAM  monitor] : (2147483647, 1339781120, 61%) Compiled+Run Success! runtime: 0:0:10.277
 
>>>> Start Script: E:\maxbox3\mXGit39988\maxbox3\examples\241_db3_sql_tutorial3.txt  2014-10-24 22:40:40 
           From Host: maXbox3.exe of E:\maxbox3\mXGit39988\maxbox3\
>>>> Stop Script: 241_db3_sql_tutorial3.txt                 2014-10-24 22:40:43 
[RAM  monitor] : (2147483647, 1334325248, 61%) Compiled+Run Success! runtime: 0:0:2.747
 
>>>> Start Script: ..\maxbox3\examples\280_UML_process.txt  2014-10-24 22:40:57 
           From Host: maXbox3.exe of E:\maxbox3\mXGit39988\maxbox3\
>>>> Stop Script: 280_UML_process.txt                       2014-10-24 22:41:03 
[RAM  monitor] : (2147483647, 1332477952, 61%) Compiled+Run Success! runtime: 0:0:5.231
 
>>>> Start Script: E:\maxbox3\mXGit39988\maxbox3\examples\242_Component_Control.txt  2014-10-24 22:41:10 
           From Host: maXbox3.exe of E:\maxbox3\mXGit39988\maxbox3\
>>>> Stop Script: 242_Component_Control.txt                 2014-10-24 22:41:17 
[RAM  monitor] : (2147483647, 1328766976, 61%) Compiled+Run Success! runtime: 0:0:7.107
 
>>>> Start Script: E:\maxbox3\mXGit39988\maxbox3\examples\440_XML_Tutor2.txt  2014-10-24 22:41:35 
           From Host: maXbox3.exe of E:\maxbox3\mXGit39988\maxbox3\
>>>> Stop Script: 440_XML_Tutor2.txt                        2014-10-24 22:41:36 
[RAM  monitor] : (2147483647, 1332043776, 61%) Compiled+Run Success! runtime: 0:0:1.169
 
>>>> Start Script: E:\maxbox3\mXGit39988\maxbox3\examples\440_XML_Tutor2.txt  2014-10-24 22:42:32 
           From Host: maXbox3.exe of E:\maxbox3\mXGit39988\maxbox3\
>>>> Stop Script: 440_XML_Tutor2.txt                        2014-10-24 22:42:33 
[RAM  monitor] : (2147483647, 1333637120, 61%) Compiled+Run Success! runtime: 0:0:1.142
 
>>>> Start Script: E:\maxbox3\mXGit39988\maxbox3\examples\440_XML_Tutor2.txt  2014-10-24 22:43:25 
           From Host: maXbox3.exe of E:\maxbox3\mXGit39988\maxbox3\
>>>> Stop Script: 440_XML_Tutor2.txt                        2014-10-24 22:43:26 
[RAM  monitor] : (2147483647, 1318940672, 62%) Compiled+Run Success! runtime: 0:0:1.221
 
New Session Exe Start E:\maxbox3\mXGit39988\maxbox3\examples\440_XML_Tutor2.txt
>>>> Start Exe: maXbox3.exe v3.9.9.101                      2014-10-27 08:09:40 
>>>> Start [RAM  monitor] : Total=2147483647, Avail=1982861312, Load=43% ; [Disk monitor] : Available to user=150638854144, Total on disk=214958075904, Free total on disk=150638854144 ; 2014-10-27 08:09:40 
 
>>>> Start Script: E:\maxbox3\mXGit39988\maxbox3\examples\440_XML_Tutor2.txt  2014-10-27 08:10:12 
           From Host: maXbox3.exe of E:\maxbox3\mXGit39988\maxbox3\
>>>> Stop Script: 440_XML_Tutor2.txt                        2014-10-27 08:10:13 
[RAM  monitor] : (2147483647, 1959108608, 43%) Compiled+Run Success! runtime: 0:0:1.200
 
New Session Exe Start E:\maxbox3\mXGit39988\maxbox3\examples\440_XML_Tutor2.txt
>>>> Start Exe: maxbox3.exe v3.9.9.101                      2014-11-10 20:26:37 
>>>> Start [RAM  monitor] : Total=2147483647, Avail=1577017344, Load=54% ; [Disk monitor] : Available to user=150515232768, Total on disk=214958075904, Free total on disk=150515232768 ; 2014-11-10 20:26:37 
 
New Session Exe Start E:\maxbox3\mXGit39988\maxbox3\examples\440_XML_Tutor2.txt
>>>> Start Exe: maxbox3.exe v3.9.9.101                      2014-11-10 20:27:00 
>>>> Start [RAM  monitor] : Total=2147483647, Avail=1571753984, Load=54% ; [Disk monitor] : Available to user=150515232768, Total on disk=214958075904, Free total on disk=150515232768 ; 2014-11-10 20:27:00 
 
New Session Exe Start E:\maxbox3\mXGit39988\maxbox3\examples\440_XML_Tutor2.txt
>>>> Start Exe: maXbox3.exe v3.9.9.110                      2014-11-12 07:22:47 
>>>> Start [RAM  monitor] : Total=2147483647, Avail=1875841024, Load=46% ; [Disk monitor] : Available to user=150218973184, Total on disk=214958075904, Free total on disk=150218973184 ; 2014-11-12 07:22:47 
 
>>>> Start Script: E:\maxbox3\mXGit39988\maxbox3\examples\440_XML_Tutor2.txt  2014-11-12 07:23:08 
           From Host: maXbox3.exe of E:\maxbox3\mXGit39988\maxbox3\
>>>> Stop Script: 440_XML_Tutor2.txt                        2014-11-12 07:23:09 
[RAM  monitor] : (2147483647, 1857175552, 46%) Compiled+Run Success! runtime: 0:0:1.232
 
>>>> Start Script: E:\maxbox3\mXGit39988\maxbox3\examples\440_XML_Tutor2.txt  2014-11-12 07:23:53 
           From Host: maXbox3.exe of E:\maxbox3\mXGit39988\maxbox3\
>>>> Stop Script: 440_XML_Tutor2.txt                        2014-11-12 07:23:55 
[RAM  monitor] : (2147483647, 1945755648, 44%) Compiled+Run Success! runtime: 0:0:1.306
 
New Session Exe Start E:\maxbox3\mXGit39988\maxbox3\examples\440_XML_Tutor2.txt
>>>> Start Exe: maXbox3.exe v3.9.9.110                      2014-11-17 19:08:27 
>>>> Start [RAM  monitor] : Total=2147483647, Avail=1689030656, Load=51% ; [Disk monitor] : Available to user=149369565184, Total on disk=214958075904, Free total on disk=149369565184 ; 2014-11-17 19:08:27 
 
>>>> Start Script: E:\maxbox3\mXGit39988\maxbox3\examples\440_XML_Tutor2.txt  2014-11-17 19:08:30 
           From Host: maXbox3.exe of E:\maxbox3\mXGit39988\maxbox3\
>>>> Stop Script: 440_XML_Tutor2.txt                        2014-11-17 19:08:32 
[RAM  monitor] : (2147483647, 1663229952, 52%) Compiled+Run Success! runtime: 0:0:2.111
 
>>>> Start Script: E:\maxbox3\mXGit39988\maxbox3\examples\440_XML_Tutor2.txt  2014-11-17 19:08:47 
           From Host: maXbox3.exe of E:\maxbox3\mXGit39988\maxbox3\
>>>> Stop Script: 440_XML_Tutor2.txt                        2014-11-17 19:08:48 
[RAM  monitor] : (2147483647, 1670938624, 52%) Compiled+Run Success! runtime: 0:0:1.734
 
>>>> Start Script: E:\maxbox3\mXGit39988\maxbox3\examples\241_db3_sql_tutorial3.txt  2014-11-17 19:09:20 
           From Host: maXbox3.exe of E:\maxbox3\mXGit39988\maxbox3\
>>>> Stop Script: 241_db3_sql_tutorial3.txt                 2014-11-17 19:09:23 
[RAM  monitor] : (2147483647, 1646518272, 52%) Compiled+Run Success! runtime: 0:0:2.987
 
>>>> Start Script: E:\maxbox3\mXGit39988\maxbox3\examples\241_db3_sql_tutorial3.txt  2014-11-17 19:09:46 
           From Host: maXbox3.exe of E:\maxbox3\mXGit39988\maxbox3\
>>>> Stop Script: 241_db3_sql_tutorial3.txt                 2014-11-17 19:09:48 
[RAM  monitor] : (2147483647, 1649180672, 52%) Compiled+Run Success! runtime: 0:0:1.825
 
New Session Exe Start firstdemo3.txt
>>>> Start Exe: maXbox3.exe v3.9.9.160                      2015-01-08 11:18:29 
>>>> Start [RAM  monitor] : Total=2147483647, Avail=1883942912, Load=45% ; [Disk monitor] : Available to user=147932090368, Total on disk=214958075904, Free total on disk=147932090368 ; 2015-01-08 11:18:29 
 
New Session Exe Start firstdemo3.txt
>>>> Start Exe: maXbox3.exe v3.9.9.160                      2015-01-09 18:45:24 
>>>> Start [RAM  monitor] : Total=2147483647, Avail=1561030656, Load=55% ; [Disk monitor] : Available to user=147877670912, Total on disk=214958075904, Free total on disk=147877670912 ; 2015-01-09 18:45:24 
 
>>>> Start Script: ..\maxbox3\examples\280_UML_process.txt  2015-01-09 18:46:25 
           From Host: maXbox3.exe of E:\maxbox3\mXGit39988\maxbox3\
>>>> Stop Script: 280_UML_process.txt                       2015-01-09 18:46:28 
[RAM  monitor] : (2147483647, 1551523840, 55%) Compiled+Run Success! runtime: 0:0:3.282
 
New Session Exe Start firstdemo3.txt
>>>> Start Exe: maXbox3.exe v3.9.9.180                      2015-02-05 10:57:04 
>>>> Start [RAM  monitor] : Total=2147483647, Avail=2005725184, Load=42% ; [Disk monitor] : Available to user=146898305024, Total on disk=214958075904, Free total on disk=146898305024 ; 2015-02-05 10:57:04 
 
New Session Exe Start firstdemo3.txt
>>>> Start Exe: maXbox3.exe v3.9.9.180                      2015-02-05 10:57:21 
>>>> Start [RAM  monitor] : Total=2147483647, Avail=2007150592, Load=42% ; [Disk monitor] : Available to user=146898305024, Total on disk=214958075904, Free total on disk=146898305024 ; 2015-02-05 10:57:21 
 
New Session Exe Start firstdemo3.txt
>>>> Start Exe: maXbox3.exe v3.9.9.180                      2015-02-19 13:35:41 
>>>> Start [RAM  monitor] : Total=2147483647, Avail=1859420160, Load=46% ; [Disk monitor] : Available to user=146178232320, Total on disk=214958075904, Free total on disk=146178232320 ; 2015-02-19 13:35:41 
 
New Session Exe Start firstdemo3.txt
>>>> Start Exe: maXbox3.exe v3.9.9.180                      2015-02-24 10:19:17 
>>>> Start [RAM  monitor] : Total=2147483647, Avail=2025869312, Load=41% ; [Disk monitor] : Available to user=146307960832, Total on disk=214958075904, Free total on disk=146307960832 ; 2015-02-24 10:19:17 
 
>>>> Start Script: ..\maxbox3\examples\250_tipsandtricks3.txt  2015-02-24 10:19:23 
           From Host: maXbox3.exe of E:\maxbox3\mXGit39988\maxbox3\
>>>> Stop Script: 250_tipsandtricks3.txt                    2015-02-24 10:19:25 
[RAM  monitor] : (2147483647, 2010099712, 42%) Compiled+Run Success! runtime: 0:0:2.7
 
>>>> Start Script: ..\maxbox3\examples\318_excel_export3_tester.TXT  2015-02-24 10:19:38 
           From Host: maXbox3.exe of E:\maxbox3\mXGit39988\maxbox3\
>>>> Stop Script: 318_excel_export3_tester.TXT              2015-02-24 10:19:49 
[RAM  monitor] : (2147483647, 1978138624, 43%) Compiled+Run Success! runtime: 0:0:11.311
 
>>>> Start Script: E:\maxbox3\mXGit39991\maxbox3\examples\250_tipsandtricks3.txt  2015-02-24 10:21:42 
           From Host: maXbox3.exe of E:\maxbox3\mXGit39988\maxbox3\
>>>> Stop Script: 250_tipsandtricks3.txt                    2015-02-24 10:21:43 
[RAM  monitor] : (2147483647, 1988091904, 43%) Compiled+Run Success! runtime: 0:0:1.851
 
New Session Exe Start E:\maxbox3\mXGit39991\maxbox3\examples\250_tipsandtricks3.txt
>>>> Start Exe: maXbox3.exe v3.9.9.180                      2015-03-03 15:03:23 
>>>> Start [RAM  monitor] : Total=2147483647, Avail=1544593408, Load=55% ; [Disk monitor] : Available to user=145775710208, Total on disk=214958075904, Free total on disk=145775710208 ; 2015-03-03 15:03:23 
 
>>>> Start Script: E:\maxbox3\mXGit39991\maxbox3\examples\250_tipsandtricks3.txt  2015-03-03 15:05:44 
           From Host: maXbox3.exe of E:\maxbox3\mXGit39988\maxbox3\
>>>> Stop Script: 250_tipsandtricks3.txt                    2015-03-03 15:05:46 
[RAM  monitor] : (2147483647, 1549295616, 55%) Compiled+Run Success! runtime: 0:0:2.33
 
New Session Exe Start ..\maxbox3\examples\250_tipsandtricks3.txt
>>>> Start Exe: maXbox3.exe v3.9.9.180                      2015-03-03 15:06:28 
>>>> Start [RAM  monitor] : Total=2147483647, Avail=1560743936, Load=55% ; [Disk monitor] : Available to user=145775710208, Total on disk=214958075904, Free total on disk=145775710208 ; 2015-03-03 15:06:28 
 
New Session Exe Start ..\maxbox3\examples\250_tipsandtricks3.txt
>>>> Start Exe: maXbox3.exe v3.9.9.180                      2015-03-03 20:47:44 
>>>> Start [RAM  monitor] : Total=2147483647, Avail=1728540672, Load=50% ; [Disk monitor] : Available to user=145626796032, Total on disk=214958075904, Free total on disk=145626796032 ; 2015-03-03 20:47:44 
 
New Session Exe Start ..\maxbox3\examples\250_tipsandtricks3.txt
>>>> Start Exe: maXbox3.exe v3.9.9.180                      2015-03-12 19:37:14 
>>>> Start [RAM  monitor] : Total=2147483647, Avail=1181749248, Load=66% ; [Disk monitor] : Available to user=145385951232, Total on disk=214958075904, Free total on disk=145385951232 ; 2015-03-12 19:37:14 
 
New Session Exe Start ..\maxbox3\examples\250_tipsandtricks3.txt
>>>> Start Exe: maXbox3.exe v3.9.9.190                      2015-03-13 07:46:31 
>>>> Start [RAM  monitor] : Total=2147483647, Avail=2147483647, Load=38% ; [Disk monitor] : Available to user=145545375744, Total on disk=214958075904, Free total on disk=145545375744 ; 2015-03-13 07:46:31 
 
New Session Exe Start ..\maxbox3\examples\250_tipsandtricks3.txt
>>>> Start Exe: maXbox3.exe v3.9.9.190                      2015-03-13 07:52:48 
>>>> Start [RAM  monitor] : Total=2147483647, Avail=2052268032, Load=41% ; [Disk monitor] : Available to user=145545375744, Total on disk=214958075904, Free total on disk=145545375744 ; 2015-03-13 07:52:48 
 
New Session Exe Start ..\maxbox3\examples\250_tipsandtricks3.txt
>>>> Start Exe: maXbox3.exe v3.9.9.190                      2015-03-14 12:18:35 
>>>> Start [RAM  monitor] : Total=2147483647, Avail=1507512320, Load=56% ; [Disk monitor] : Available to user=145490329600, Total on disk=214958075904, Free total on disk=145490329600 ; 2015-03-14 12:18:35 
 
>>>> Start Script: ..\maxbox3\examples\250_tipsandtricks3.txt  2015-03-14 12:18:40 
           From Host: maXbox3.exe of E:\maxbox3\mXGit39988\maxbox3\
 
>>>> Start Script: ..\maxbox3\examples\250_tipsandtricks3.txt  2015-03-14 12:19:07 
           From Host: maXbox3.exe of E:\maxbox3\mXGit39988\maxbox3\
 
New Session Exe Start E:\maxbox3\mXGit39988\maxbox3\examples\191_componentcount.txt
>>>> Start Exe: maXbox3.exe v3.9.9.190                      2015-03-14 18:43:07 
>>>> Start [RAM  monitor] : Total=2147483647, Avail=2048606208, Load=41% ; [Disk monitor] : Available to user=145440940032, Total on disk=214958075904, Free total on disk=145440940032 ; 2015-03-14 18:43:07 
 
New Session Exe Start E:\maxbox3\mXGit39988\maxbox3\examples\191_componentcount.txt
>>>> Start Exe: maXbox3.exe v3.9.9.190                      2015-03-14 21:49:59 
>>>> Start [RAM  monitor] : Total=2147483647, Avail=1538748416, Load=55% ; [Disk monitor] : Available to user=145440645120, Total on disk=214958075904, Free total on disk=145440645120 ; 2015-03-14 21:49:59 
 
>>>> Start Script: E:\maxbox3\mXGit39988\maxbox3\examples\191_componentcount.txt  2015-03-14 21:50:01 
           From Host: maXbox3.exe of E:\maxbox3\mXGit39988\maxbox3\
>>>> Stop Script: 191_componentcount.txt                    2015-03-14 21:50:04 
[RAM  monitor] : (2147483647, 1484877824, 57%) Compiled+Run Success! runtime: 0:0:2.800
 
New Session Exe Start ..\maxbox3\examples\191_componentcount.txt
>>>> Start Exe: maXbox3.exe v3.9.9.190                      2015-03-14 21:51:21 
>>>> Start [RAM  monitor] : Total=2147483647, Avail=1529561088, Load=56% ; [Disk monitor] : Available to user=145440641024, Total on disk=214958075904, Free total on disk=145440641024 ; 2015-03-14 21:51:21 
 
New Session Exe Start ..\maxbox3\examples\191_componentcount.txt
>>>> Start Exe: maXbox3.exe v3.9.9.190                      2015-03-15 21:42:19 
>>>> Start [RAM  monitor] : Total=2147483647, Avail=1740218368, Load=50% ; [Disk monitor] : Available to user=145113464832, Total on disk=214958075904, Free total on disk=145113464832 ; 2015-03-15 21:42:19 
 
New Session Exe Start ..\maxbox3\examples\191_componentcount.txt
>>>> Start Exe: maXbox3.exe v3.9.9.190                      2015-03-15 23:04:43 
>>>> Start [RAM  monitor] : Total=2147483647, Avail=1593638912, Load=54% ; [Disk monitor] : Available to user=145113448448, Total on disk=214958075904, Free total on disk=145113448448 ; 2015-03-15 23:04:43 
 
New Session Exe Start ..\maxbox3\examples\191_componentcount.txt
>>>> Start Exe: maXbox3.exe v3.9.9.190                      2015-04-24 19:32:46 
>>>> Start [RAM  monitor] : Total=2147483647, Avail=1726459904, Load=50% ; [Disk monitor] : Available to user=144609046528, Total on disk=214958075904, Free total on disk=144609046528 ; 2015-04-24 19:32:46 
 
New Session Exe Start ..\maxbox3\examples\191_componentcount.txt
>>>> Start Exe: maXbox3.exe v3.9.9.190                      2015-05-01 09:00:52 
>>>> Start [RAM  monitor] : Total=2147483647, Avail=2061672448, Load=40% ; [Disk monitor] : Available to user=144169152512, Total on disk=214958075904, Free total on disk=144169152512 ; 2015-05-01 09:00:52 
 
New Session Exe Start ..\maxbox3\examples\191_componentcount.txt
>>>> Start Exe: maXbox3.exe v3.9.9.195                      2015-05-14 09:23:11 
>>>> Start [RAM  monitor] : Total=2147483647, Avail=2128601088, Load=38% ; [Disk monitor] : Available to user=144062939136, Total on disk=214958075904, Free total on disk=144062939136 ; 2015-05-14 09:23:11 
 
>>>> Start Script: ..\maxbox3\examples\191_componentcount.txt  2015-05-14 09:23:19 
           From Host: maXbox3.exe of E:\maxbox3\mXGit39988\maxbox3\
>>>> Stop Script: 191_componentcount.txt                    2015-05-14 09:23:21 
[RAM  monitor] : (2147483647, 2113716224, 39%) Compiled+Run Success! runtime: 0:0:2.294
